0 info it worked if it ends with ok
1 verbose cli [ 'node',
1 verbose cli   '/usr/local/bin/npm',
1 verbose cli   'install',
1 verbose cli   '-g',
1 verbose cli   'generator-angular' ]
2 info using npm@1.3.8
3 info using node@v0.10.17
4 verbose cache add [ 'generator-angular', null ]
5 verbose cache add name=undefined spec="generator-angular" args=["generator-angular",null]
6 verbose parsed url { protocol: null,
6 verbose parsed url   slashes: null,
6 verbose parsed url   auth: null,
6 verbose parsed url   host: null,
6 verbose parsed url   port: null,
6 verbose parsed url   hostname: null,
6 verbose parsed url   hash: null,
6 verbose parsed url   search: null,
6 verbose parsed url   query: null,
6 verbose parsed url   pathname: 'generator-angular',
6 verbose parsed url   path: 'generator-angular',
6 verbose parsed url   href: 'generator-angular' }
7 silly lockFile 458e0b50-generator-angular generator-angular
8 verbose lock generator-angular /Users/edhsieh/.npm/458e0b50-generator-angular.lock
9 silly lockFile 458e0b50-generator-angular generator-angular
10 silly lockFile 458e0b50-generator-angular generator-angular
11 verbose addNamed [ 'generator-angular', '' ]
12 verbose addNamed [ null, '*' ]
13 silly lockFile 0345f598-generator-angular generator-angular@
14 verbose lock generator-angular@ /Users/edhsieh/.npm/0345f598-generator-angular.lock
15 silly addNameRange { name: 'generator-angular', range: '*', hasData: false }
16 verbose url raw generator-angular
17 verbose url resolving [ 'https://registry.npmjs.org/', './generator-angular' ]
18 verbose url resolved https://registry.npmjs.org/generator-angular
19 info trying registry request attempt 1 at 12:09:05
20 verbose etag "7Z9KO3DT1KLUVEU4NYKBAWA65"
21 http GET https://registry.npmjs.org/generator-angular
22 http 304 https://registry.npmjs.org/generator-angular
23 silly registry.get cb [ 304,
23 silly registry.get   { server: 'CouchDB/1.3.1 (Erlang OTP/R15B03)',
23 silly registry.get     etag: '"7Z9KO3DT1KLUVEU4NYKBAWA65"',
23 silly registry.get     date: 'Sun, 15 Sep 2013 19:09:06 GMT',
23 silly registry.get     'content-length': '0' } ]
24 verbose etag generator-angular from cache
25 silly addNameRange number 2 { name: 'generator-angular', range: '*', hasData: true }
26 silly addNameRange versions [ 'generator-angular',
26 silly addNameRange   [ '0.1.0',
26 silly addNameRange     '0.1.1',
26 silly addNameRange     '0.1.2',
26 silly addNameRange     '0.1.3',
26 silly addNameRange     '0.1.4',
26 silly addNameRange     '0.1.5',
26 silly addNameRange     '0.2.0',
26 silly addNameRange     '0.2.1',
26 silly addNameRange     '0.2.2',
26 silly addNameRange     '0.3.0',
26 silly addNameRange     '0.3.1',
26 silly addNameRange     '0.4.0' ] ]
27 verbose addNamed [ 'generator-angular', '0.4.0' ]
28 verbose addNamed [ '0.4.0', '0.4.0' ]
29 silly lockFile 7e89262a-generator-angular-0-4-0 generator-angular@0.4.0
30 verbose lock generator-angular@0.4.0 /Users/edhsieh/.npm/7e89262a-generator-angular-0-4-0.lock
31 silly lockFile 7e89262a-generator-angular-0-4-0 generator-angular@0.4.0
32 silly lockFile 7e89262a-generator-angular-0-4-0 generator-angular@0.4.0
33 silly lockFile 0345f598-generator-angular generator-angular@
34 silly lockFile 0345f598-generator-angular generator-angular@
35 silly resolved [ { name: 'generator-angular',
35 silly resolved     version: '0.4.0',
35 silly resolved     description: 'Yeoman generator for AngularJS',
35 silly resolved     keywords:
35 silly resolved      [ 'yeoman-generator',
35 silly resolved        'scaffold',
35 silly resolved        'framework',
35 silly resolved        'component',
35 silly resolved        'front-end',
35 silly resolved        'app' ],
35 silly resolved     homepage: 'https://github.com/yeoman/generator-angular',
35 silly resolved     bugs: { url: 'https://github.com/yeoman/generator-angular/issues' },
35 silly resolved     author: { name: 'Chrome Developer Relations' },
35 silly resolved     main: 'app/index.js',
35 silly resolved     repository:
35 silly resolved      { type: 'git',
35 silly resolved        url: 'git://github.com/yeoman/generator-angular.git' },
35 silly resolved     scripts: { test: 'mocha' },
35 silly resolved     dependencies: { 'yeoman-generator': '~0.13.0' },
35 silly resolved     peerDependencies: { 'generator-karma': '~0.5.0', yo: '>=1.0.0-rc.1.1' },
35 silly resolved     devDependencies:
35 silly resolved      { mocha: '~1.12.0',
35 silly resolved        grunt: '~0.4.1',
35 silly resolved        'grunt-contrib-jshint': '~0.6.0',
35 silly resolved        'grunt-conventional-changelog': '~1.0.0',
35 silly resolved        marked: '~0.2.8',
35 silly resolved        semver: '~2.1.0',
35 silly resolved        'grunt-release': '~0.5.1' },
35 silly resolved     engines: { node: '>=0.8.0', npm: '>=1.2.10' },
35 silly resolved     licenses: [ [Object] ],
35 silly resolved     readme: '# AngularJS generator [![Build Status](https://secure.travis-ci.org/yeoman/generator-angular.png?branch=master)](http://travis-ci.org/yeoman/generator-angular)\n\nMaintainer: [Brian Ford](https://github.com/btford)\n\nBased on [angular-seed](https://github.com/angular/angular-seed/)\n\n\n## Usage\n\nInstall `generator-angular`:\n```\nnpm install -g generator-angular\n```\n\nMake a new directory, and `cd` into it:\n```\nmkdir my-new-project && cd $_\n```\n\nRun `yo angular`, optionally passing an app name:\n```\nyo angular [app-name]\n```\n\n## Generators\n\nAvailable generators:\n\n* [angular](#app) (aka [angular:app](#app))\n* [angular:controller](#controller)\n* [angular:directive](#directive)\n* [angular:filter](#filter)\n* [angular:route](#route)\n* [angular:service](#service)\n* [angular:decorator] (#decorator)\n* [angular:view](#view)\n\n**Note: Generators are to be run from the root directory of your app.**\n\n### App\nSets up a new AngularJS app, generating all the boilerplate you need to get started. The app generator also optionally installs Twitter Bootstrap and additional AngularJS modules, such as angular-resource.\n\nExample:\n```bash\nyo angular\n```\n\n### Route\nGenerates a controller and view, and configures a route in `app/scripts/app.js` connecting them.\n\nExample:\n```bash\nyo angular:route myroute\n```\n\nProduces `app/scripts/controllers/myroute.js`:\n```javascript\nangular.module(\'myMod\').controller(\'MyrouteCtrl\', function ($scope) {\n  // ...\n});\n```\n\nProduces `app/views/myroute.html`:\n```html\n<p>This is the myroute view</p>\n```\n\n### Controller\nGenerates a controller in `app/scripts/controllers`.\n\nExample:\n```bash\nyo angular:controller user\n```\n\nProduces `app/scripts/controllers/user.js`:\n```javascript\nangular.module(\'myMod\').controller(\'UserCtrl\', function ($scope) {\n  // ...\n});\n```\n### Directive\nGenerates a directive in `app/scripts/directives`.\n\nExample:\n```bash\nyo angular:directive myDirective\n```\n\nProduces `app/scripts/directives/myDirective.js`:\n```javascript\nangular.module(\'myMod\').directive(\'myDirective\', function () {\n  return {\n    template: \'<div></div>\',\n    restrict: \'E\',\n    link: function postLink(scope, element, attrs) {\n      element.text(\'this is the myDirective directive\');\n    }\n  };\n});\n```\n\n### Filter\nGenerates a filter in `app/scripts/filters`.\n\nExample:\n```bash\nyo angular:filter myFilter\n```\n\nProduces `app/scripts/filters/myFilter.js`:\n```javascript\nangular.module(\'myMod\').filter(\'myFilter\', function () {\n  return function (input) {\n    return \'myFilter filter:\' + input;\n  };\n});\n```\n\n### View\nGenerates an HTML view file in `app/views`.\n\nExample:\n```bash\nyo angular:view user\n```\n\nProduces `app/views/user.html`:\n```html\n<p>This is the user view</p>\n```\n\n### Service\nGenerates an AngularJS service.\n\nExample:\n```bash\nyo angular:service myService\n```\n\nProduces `app/scripts/services/myService.js`:\n```javascript\nangular.module(\'myMod\').service(\'myService\', function () {\n  // ...\n});\n```\n\nYou can also do `yo angular:factory`, `yo angular:provider`, `yo angular:value`, and `yo angular:constant` for other types of services.\n\n### Decorator\nGenerates an AngularJS service decorator.\n\nExample:\n```bash\nyo angular:decorator serviceName\n```\n\nProduces `app/scripts/decorators/serviceNameDecorator.js`:\n```javascript\nangular.module(\'myMod\').config(function ($provide) {\n    $provide.decorator(\'serviceName\', function ($delegate) {\n      // ...\n      return $delegate;\n    });\n  });\n```\n\n## Options\nIn general, these options can be applied to any generator, though they only affect generators that produce scripts.\n\n### CoffeeScript\nFor generators that output scripts, the `--coffee` option will output CoffeeScript instead of JavaScript.\n\nFor example:\n```bash\nyo angular:controller user --coffee\n```\n\nProduces `app/scripts/controller/user.coffee`:\n```coffeescript\nangular.module(\'myMod\')\n  .controller \'UserCtrl\', ($scope) ->\n```\n\nA project can mix CoffeScript and JavaScript files.\n\n### Minification Safe\nBy default, generators produce unannotated code. Without annotations, AngularJS\'s DI system will break when minified. Typically, these annotations the make minification safe are added automatically at build-time, after application files are concatenated, but before they are minified. By providing the `--minsafe` option, the code generated will out-of-the-box be ready for minification. The trade-off is between amount of boilerplate, and build process complexity.\n\n#### Example\n```bash\nyo angular:controller user --minsafe\n```\n\nProduces `app/controller/user.js`:\n```javascript\nangular.module(\'myMod\').controller(\'UserCtrl\', [\'$scope\', function ($scope) {\n  // ...\n}]);\n```\n\n#### Background\nUnannotated:\n```javascript\nangular.module(\'myMod\').controller(\'MyCtrl\', function ($scope, $http, myService) {\n  // ...\n});\n```\n\nAnnotated:\n```javascript\nangular.module(\'myMod\').controller(\'MyCtrl\',\n  [\'$scope\', \'$http\', \'myService\', function ($scope, $http, myService) {\n\n    // ...\n  }]);\n```\n\nThe annotations are important because minified code will rename variables, making it impossible for AngularJS to infer module names based solely on function parameters.\n\nThe recommended build process uses `ngmin`, a tool that automatically adds these annotations. However, if you\'d rather not use `ngmin`, you have to add these annotations manually yourself.\n\n## Bower Components\n\nThe following packages are always installed by the [app](#app) generator:\n\n* angular\n* angular-mocks\n* angular-scenario\n\n\nThe following additional modules are available as components on bower, and installable via `bower install`:\n\n* angular-cookies\n* angular-loader\n* angular-resource\n* angular-sanitize\n\nAll of these can be updated with `bower update` as new versions of AngularJS are released.\n\n## Configuration\nYeoman generated projects can be further tweaked according to your needs by modifying project files appropriately.\n\n### Output\nYou can change the `app` directory by adding a `appPath` property to `bower.json`. For instance, if you wanted to easily integrate with Express.js, you could add the following:\n\n```json\n{\n  "name": "yo-test",\n  "version": "0.0.0",\n  ...\n  "appPath": "public"\n}\n\n```\nThis will cause Yeoman-generated client-side files to be placed in `public`.\n\n## Testing\n\nFor tests to work properly, karma needs the `angular-mocks` bower package.\nThis script is included in the bower.json in the `devDependencies` section, which will\nbe available very soon, probably with the next minor release of bower.\n\nWhile bower `devDependencies` are not yet implemented, you can fix it by running:\n```bash\nbower install angular-mocks\n```\n\nBy running `grunt test` you should now be able to run your unit tests with karma.\n\n## Contribute\n\nSee the [contributing docs](https://github.com/yeoman/yeoman/blob/master/contributing.md)\n\nWhen submitting an issue, please follow the [guidelines](https://github.com/yeoman/yeoman/blob/master/contributing.md#issue-submission). Especially important is to make sure Yeoman is up-to-date, and providing the command or commands that cause the issue.\n\nWhen submitting a PR, make sure that the commit messages match the [AngularJS conventions](https://docs.google.com/document/d/1QrDFcIiPjSLDn3EL15IJygNPiHORgU1_OOAqWjiDU5Y/).\n\nWhen submitting a bugfix, write a test that exposes the bug and fails before applying your fix. Submit the test alongside the fix.\n\nWhen submitting a new feature, add tests that cover the feature.\n\n## License\n\n[BSD license](http://opensource.org/licenses/bsd-license.php)\n',
35 silly resolved     readmeFilename: 'readme.md',
35 silly resolved     _id: 'generator-angular@0.4.0',
35 silly resolved     _from: 'generator-angular@' } ]
36 info install generator-angular@0.4.0 into /usr/local/lib
37 info installOne generator-angular@0.4.0
38 info /usr/local/lib/node_modules/generator-angular unbuild
39 info preuninstall generator-angular@0.4.0
40 info uninstall generator-angular@0.4.0
41 verbose true,/usr/local/lib/node_modules,/usr/local/lib/node_modules unbuild generator-angular@0.4.0
42 info postuninstall generator-angular@0.4.0
43 info /usr/local/lib/node_modules/generator-angular unbuild
44 info preuninstall generator-angular@0.4.0
45 info uninstall generator-angular@0.4.0
46 verbose true,/usr/local/lib/node_modules,/usr/local/lib/node_modules unbuild generator-angular@0.4.0
47 info postuninstall generator-angular@0.4.0
48 error error rolling back Error: EACCES, unlink '/usr/local/lib/node_modules/generator-angular'
48 error error rolling back  generator-angular@0.4.0 { [Error: EACCES, unlink '/usr/local/lib/node_modules/generator-angular']
48 error error rolling back   errno: 3,
48 error error rolling back   code: 'EACCES',
48 error error rolling back   path: '/usr/local/lib/node_modules/generator-angular' }
49 error Error: EACCES, unlink '/usr/local/lib/node_modules/generator-angular'
49 error  { [Error: EACCES, unlink '/usr/local/lib/node_modules/generator-angular']
49 error   errno: 3,
49 error   code: 'EACCES',
49 error   path: '/usr/local/lib/node_modules/generator-angular' }
50 error Please try running this command again as root/Administrator.
51 error System Darwin 11.4.2
52 error command "node" "/usr/local/bin/npm" "install" "-g" "generator-angular"
53 error cwd /Users/edhsieh/Dropbox/Coding/hackr/IP
54 error node -v v0.10.17
55 error npm -v 1.3.8
56 error path /usr/local/lib/node_modules/generator-angular
57 error code EACCES
58 error errno 3
59 error stack Error: EACCES, unlink '/usr/local/lib/node_modules/generator-angular'
60 verbose exit [ 3, true ]
